src/components/client/WindowsClient.tsx
src/components/user-hover.tsx
src/components/layout/sidebar.tsx
src/components/layout/header.tsx
src/components/layout/collapsible-header.tsx
src/components/auth/RegisterForm.tsx
src/components/auth/LoginForm.tsx
src/components/chat/live-chat.tsx
src/lib/placeholder-data.ts
src/lib/avatar-frames.ts
src/lib/auth.ts
src/lib/profile-banners.ts
src/lib/email-templates.ts
src/lib/cosmetic-generator.ts
src/lib/gcp/orchestrator.ts
src/ai/flows/review-anti-cheat-logs.ts
src/contexts/UserContext.tsx
src/app/(app)/play/page-enhanced.tsx
src/app/(app)/play/page.tsx
src/app/(app)/leaderboards/page.tsx
src/app/(app)/shop/page.tsx
src/app/(app)/settings/blocked/page.tsx
src/app/(app)/settings/friends/page.tsx
src/app/(app)/settings/page.tsx
src/app/(app)/dashboard/page.tsx
src/app/(app)/profile/[id]/page.tsx
src/app/(app)/profile/page.tsx
src/app/(app)/forum/page.tsx
src/app/(app)/admin/cosmetics/page.tsx
src/app/(app)/admin/layout.tsx
src/app/(app)/admin/matches/page.tsx
src/app/(app)/admin/users/page.tsx
src/app/(app)/admin/config/page.tsx
src/app/(app)/admin/page.tsx
src/app/(app)/support/page.tsx
src/app/api/ac/status/route.ts
src/app/api/ac/heartbeat/route.ts
src/app/api/ac/ingest/route.ts
src/app/api/ac/reports/route.ts
src/app/api/shop/items/route.ts
src/app/api/shop/purchase/route.ts
src/app/api/shop/equip/route.ts
src/app/api/user/cosmetics/route.ts
src/app/api/user/[id]/route.ts
src/app/api/user/achievements/route.ts
src/app/api/user/update/route.ts
src/app/api/user/rank/route.ts
src/app/api/user/equip/route.ts
src/app/api/missions/progress/route.ts
src/app/api/matchmaker/route.ts
src/app/api/auth/login/route.ts
src/app/api/auth/me/route.ts
src/app/api/auth/verify-email/route.ts
src/app/api/matches/route.ts
src/app/api/matches/[id]/result/route.ts
src/app/api/matches/create/route.ts
src/app/api/queue/join/route.ts
src/app/api/forum/threads/route.ts
src/app/api/forum/threads/[id]/moderate/route.ts
src/app/api/forum/threads/create/route.ts
src/app/api/forum/categories/route.ts
src/app/api/forum/posts/route.ts
src/app/api/admin/cosmetics/route.ts
src/app/api/admin/anti-cheat/events/route.ts
src/app/api/admin/users/route.ts
src/app/api/admin/users/[id]/route.ts
src/app/api/admin/config/route.ts
src/app/page.tsx
