
/workspaces/eclip/drizzle.config.ts
  11:35  error  Parsing error: Unexpected token as

/workspaces/eclip/next.config.ts
  1:13  error  Parsing error: Unexpected token {

/workspaces/eclip/scripts/audit-db-detailed.ts
  72:53  error  Parsing error: Unexpected token >

/workspaces/eclip/scripts/check-cosmetics-data.ts
  21:60  error  Parsing error: Unexpected token as

/workspaces/eclip/scripts/check-db-simple.ts
  8:17  error  Parsing error: Unexpected token :

/workspaces/eclip/scripts/check-url.ts
  31:57  error  Parsing error: Unexpected token as

/workspaces/eclip/scripts/database-audit.ts
  3:46  error  Parsing error: Unexpected token !

/workspaces/eclip/scripts/diagnose.ts
  92:44  error  Parsing error: Unexpected token as

/workspaces/eclip/scripts/network-diagnostic.ts
  80:26  error  Parsing error: Unexpected token :

/workspaces/eclip/scripts/quick-db-check.ts
  15:31  error  Parsing error: Unexpected token as

/workspaces/eclip/scripts/run-admin-migrations.ts
  43:26  error  Parsing error: Unexpected token :

/workspaces/eclip/scripts/run-database-migrations.ts
  69:50  error  Parsing error: Unexpected token as

/workspaces/eclip/scripts/update-frame-gradients.ts
  6:21  error  Parsing error: Unexpected token :

/workspaces/eclip/scripts/verify-database-schema.ts
  25:21  error  Parsing error: Unexpected token :

/workspaces/eclip/src/ai/flows/review-anti-cheat-logs.ts
  17:8  error  Parsing error: Unexpected token type

/workspaces/eclip/src/app/(app)/achievements/page.tsx
  10:1  error  Parsing error: The keyword 'interface' is reserved

/workspaces/eclip/src/app/(app)/admin/achievements/page.tsx
  23:1  error  Parsing error: The keyword 'interface' is reserved

/workspaces/eclip/src/app/(app)/admin/anti-cheat/page.tsx
  6:5  error  Parsing error: Unexpected token <

/workspaces/eclip/src/app/(app)/admin/anti-cheat/review-form.tsx
  13:19  error  Parsing error: Unexpected token :

/workspaces/eclip/src/app/(app)/admin/badges/page.tsx
  23:1  error  Parsing error: The keyword 'interface' is reserved

/workspaces/eclip/src/app/(app)/admin/config/page.tsx
  68:36  error  Parsing error: Unexpected token :

/workspaces/eclip/src/app/(app)/admin/cosmetics/page.tsx
  28:46  error  Parsing error: Unexpected token ]

/workspaces/eclip/src/app/(app)/admin/esr-tiers/page.tsx
  22:1  error  Parsing error: The keyword 'interface' is reserved

/workspaces/eclip/src/app/(app)/admin/layout.tsx
  24:2  error  Parsing error: Unexpected token :

/workspaces/eclip/src/app/(app)/admin/matches/page.tsx
  15:46  error  Parsing error: Unexpected token ]

/workspaces/eclip/src/app/(app)/admin/missions/page.tsx
  25:1  error  Parsing error: The keyword 'interface' is reserved

/workspaces/eclip/src/app/(app)/admin/page.tsx
  21:1  error  Parsing error: The keyword 'interface' is reserved

/workspaces/eclip/src/app/(app)/admin/users/page.tsx
  16:42  error  Parsing error: Unexpected token ]

/workspaces/eclip/src/app/(app)/dashboard/page.tsx
  37:46  error  Parsing error: Unexpected token ]

/workspaces/eclip/src/app/(app)/faq/page.tsx
  34:5  error  Parsing error: Unexpected token <

/workspaces/eclip/src/app/(app)/forum/page.tsx
  13:52  error  Parsing error: Unexpected token ]

/workspaces/eclip/src/app/(app)/layout.tsx
  16:2  error  Parsing error: Unexpected token :

/workspaces/eclip/src/app/(app)/leaderboards/page.tsx
  12:46  error  Parsing error: Unexpected token ]

/workspaces/eclip/src/app/(app)/missions/page.tsx
  10:1  error  Parsing error: The keyword 'interface' is reserved

/workspaces/eclip/src/app/(app)/play/page-enhanced.tsx
  74:19  error  Parsing error: Unexpected token :

/workspaces/eclip/src/app/(app)/play/page.tsx
  74:19  error  Parsing error: Unexpected token :

/workspaces/eclip/src/app/(app)/profile/[id]/page.tsx
  18:28  error  Parsing error: Unexpected token as

/workspaces/eclip/src/app/(app)/profile/page.tsx
  32:46  error  Parsing error: Unexpected token ]

/workspaces/eclip/src/app/(app)/settings/blocked/page.tsx
  13:56  error  Parsing error: Unexpected token ]

/workspaces/eclip/src/app/(app)/settings/friends/page.tsx
  14:46  error  Parsing error: Unexpected token ]

/workspaces/eclip/src/app/(app)/settings/page.tsx
  38:37  error  Parsing error: Unexpected token :

/workspaces/eclip/src/app/(app)/shop/page.tsx
  21:42  error  Parsing error: Unexpected token ]

/workspaces/eclip/src/app/(app)/support/page.tsx
  50:32  error  Parsing error: Unexpected token :

/workspaces/eclip/src/app/actions.ts
  5:8  error  Parsing error: Unexpected token type

/workspaces/eclip/src/app/api/ac/heartbeat/route.ts
  10:35  error  Parsing error: Unexpected token :

/workspaces/eclip/src/app/api/ac/ingest/route.ts
  16:35  error  Parsing error: Unexpected token :

/workspaces/eclip/src/app/api/ac/reports/route.ts
  8:31  error  Parsing error: Unexpected token :

/workspaces/eclip/src/app/api/ac/status/route.ts
  10:34  error  Parsing error: Unexpected token :

/workspaces/eclip/src/app/api/achievements/[id]/route.ts
  12:10  error  Parsing error: Unexpected token :

/workspaces/eclip/src/app/api/achievements/route.ts
  11:34  error  Parsing error: Unexpected token :

/workspaces/eclip/src/app/api/admin/achievements/route.ts
  8:43  error  Parsing error: Unexpected token :

/workspaces/eclip/src/app/api/admin/anti-cheat/events/[id]/route.ts
  13:10  error  Parsing error: Unexpected token :

/workspaces/eclip/src/app/api/admin/anti-cheat/events/route.ts
  7:34  error  Parsing error: Unexpected token :

/workspaces/eclip/src/app/api/admin/badges/[id]/route.ts
  8:34  error  Parsing error: Unexpected token :

/workspaces/eclip/src/app/api/admin/badges/route.ts
  37:35  error  Parsing error: Unexpected token :

/workspaces/eclip/src/app/api/admin/coins/route.ts
  5:46  error  Parsing error: Unexpected token !

/workspaces/eclip/src/app/api/admin/config/route.ts
  11:34  error  Parsing error: Unexpected token :

/workspaces/eclip/src/app/api/admin/cosmetics/banners/[id]/route.ts
  8:10  error  Parsing error: Unexpected token :

/workspaces/eclip/src/app/api/admin/cosmetics/banners/route.ts
  7:34  error  Parsing error: Unexpected token :

/workspaces/eclip/src/app/api/admin/cosmetics/frames/[id]/route.ts
  8:10  error  Parsing error: Unexpected token :

/workspaces/eclip/src/app/api/admin/cosmetics/frames/route.ts
  7:34  error  Parsing error: Unexpected token :

/workspaces/eclip/src/app/api/admin/cosmetics/route.ts
  47:35  error  Parsing error: Unexpected token :

/workspaces/eclip/src/app/api/admin/matches/route.ts
  7:34  error  Parsing error: Unexpected token :

/workspaces/eclip/src/app/api/admin/migrate/route.ts
  7:35  error  Parsing error: Unexpected token :

/workspaces/eclip/src/app/api/admin/missions/route.ts
  12:34  error  Parsing error: Unexpected token :

/workspaces/eclip/src/app/api/admin/setup-admin/route.ts
  15:35  error  Parsing error: Unexpected token :

/workspaces/eclip/src/app/api/admin/users/[id]/route.ts
  18:10  error  Parsing error: Unexpected token :

/workspaces/eclip/src/app/api/admin/users/route.ts
  7:34  error  Parsing error: Unexpected token :

/workspaces/eclip/src/app/api/auth/email/request-verification/route.ts
  13:35  error  Parsing error: Unexpected token :

/workspaces/eclip/src/app/api/auth/login/route.ts
  19:61  error  Parsing error: Unexpected token !

/workspaces/eclip/src/app/api/auth/me/route.ts
  18:16  error  Parsing error: Unexpected token :

/workspaces/eclip/src/app/api/auth/register/route.ts
  21:67  error  Parsing error: Unexpected token !

/workspaces/eclip/src/app/api/auth/reset-password/route.ts
  18:35  error  Parsing error: Unexpected token :

/workspaces/eclip/src/app/api/auth/steam/link-return/route.ts
  12:34  error  Parsing error: Unexpected token :

/workspaces/eclip/src/app/api/auth/steam/link/route.ts
  13:35  error  Parsing error: Unexpected token :

/workspaces/eclip/src/app/api/auth/steam/return/route.ts
  9:40  error  Parsing error: Unexpected token :

/workspaces/eclip/src/app/api/auth/steam/route.ts
  5:34  error  Parsing error: Unexpected token :

/workspaces/eclip/src/app/api/auth/verify-email/route.ts
  7:34  error  Parsing error: Unexpected token :

/workspaces/eclip/src/app/api/chat/messages/route.ts
  7:34  error  Parsing error: Unexpected token :

/workspaces/eclip/src/app/api/cosmetics/generate/[type]/route.ts
  15:10  error  Parsing error: Unexpected token :

/workspaces/eclip/src/app/api/forum/categories/route.ts
  9:19  error  Parsing error: Unexpected token :

/workspaces/eclip/src/app/api/forum/posts/[id]/vote/route.ts
  5:35  error  Parsing error: Unexpected token :

/workspaces/eclip/src/app/api/forum/posts/route.ts
  13:35  error  Parsing error: Unexpected token :

/workspaces/eclip/src/app/api/forum/threads/[id]/moderate/route.ts
  8:35  error  Parsing error: Unexpected token :

/workspaces/eclip/src/app/api/forum/threads/[id]/vote/route.ts
  5:35  error  Parsing error: Unexpected token :

/workspaces/eclip/src/app/api/forum/threads/create/route.ts
  14:35  error  Parsing error: Unexpected token :

/workspaces/eclip/src/app/api/forum/threads/route.ts
  7:34  error  Parsing error: Unexpected token :

/workspaces/eclip/src/app/api/friends/add/route.ts
  8:35  error  Parsing error: Unexpected token :

/workspaces/eclip/src/app/api/friends/list/route.ts
  7:34  error  Parsing error: Unexpected token :

/workspaces/eclip/src/app/api/friends/remove/route.ts
  6:35  error  Parsing error: Unexpected token :

/workspaces/eclip/src/app/api/health/route.ts
  13:43  error  Parsing error: Unexpected token !

/workspaces/eclip/src/app/api/leaderboards/public/route.ts
  10:34  error  Parsing error: Unexpected token :

/workspaces/eclip/src/app/api/matches/[id]/result/route.ts
  21:10  error  Parsing error: Unexpected token :

/workspaces/eclip/src/app/api/matches/create/route.ts
  17:24  error  Parsing error: Unexpected token :

/workspaces/eclip/src/app/api/matches/route.ts
  7:34  error  Parsing error: Unexpected token :

/workspaces/eclip/src/app/api/matchmaker/route.ts
  17:24  error  Parsing error: Unexpected token :

/workspaces/eclip/src/app/api/messages/route.ts
  7:34  error  Parsing error: Unexpected token :

/workspaces/eclip/src/app/api/missions/[id]/route.ts
  12:10  error  Parsing error: Unexpected token :

/workspaces/eclip/src/app/api/missions/progress/route.ts
  11:34  error  Parsing error: Unexpected token :

/workspaces/eclip/src/app/api/missions/route.ts
  7:34  error  Parsing error: Unexpected token :

/workspaces/eclip/src/app/api/notifications/route.ts
  7:34  error  Parsing error: Unexpected token :

/workspaces/eclip/src/app/api/queue/join/route.ts
  59:24  error  Parsing error: Unexpected token as

/workspaces/eclip/src/app/api/shop/equip/route.ts
  14:35  error  Parsing error: Unexpected token :

/workspaces/eclip/src/app/api/shop/items/route.ts
  11:14  error  Parsing error: Unexpected token :

/workspaces/eclip/src/app/api/shop/purchase/route.ts
  13:35  error  Parsing error: Unexpected token :

/workspaces/eclip/src/app/api/support/route.ts
  13:35  error  Parsing error: Unexpected token :

/workspaces/eclip/src/app/api/user/[id]/route.ts
  7:10  error  Parsing error: Unexpected token :

/workspaces/eclip/src/app/api/user/achievements/route.ts
  11:34  error  Parsing error: Unexpected token :

/workspaces/eclip/src/app/api/user/avatar/route.ts
  18:32  error  Parsing error: Unexpected token :

/workspaces/eclip/src/app/api/user/badges/route.ts
  11:34  error  Parsing error: Unexpected token :

/workspaces/eclip/src/app/api/user/cosmetics/route.ts
  8:34  error  Parsing error: Unexpected token :

/workspaces/eclip/src/app/api/user/equip/route.ts
  14:31  error  Parsing error: Unexpected token :

/workspaces/eclip/src/app/api/user/rank/route.ts
  11:34  error  Parsing error: Unexpected token :

/workspaces/eclip/src/app/api/user/update/route.ts
  20:36  error  Parsing error: Unexpected token :

/workspaces/eclip/src/app/api/users/[id]/block/route.ts
  8:10  error  Parsing error: Unexpected token :

/workspaces/eclip/src/app/api/users/blocked/route.ts
  7:34  error  Parsing error: Unexpected token :

/workspaces/eclip/src/app/api/vip/route.ts
  12:34  error  Parsing error: Unexpected token :

/workspaces/eclip/src/app/layout.tsx
  1:13  error  Parsing error: Unexpected token {

/workspaces/eclip/src/app/page.tsx
  24:52  error  Parsing error: Unexpected token ]

/workspaces/eclip/src/components/auth/AuthDialog.tsx
  17:6  error  Parsing error: Unexpected token AuthDialogProps

/workspaces/eclip/src/components/auth/LoginForm.tsx
  19:32  error  Parsing error: Unexpected token :

/workspaces/eclip/src/components/auth/RegisterForm.tsx
  21:32  error  Parsing error: Unexpected token :

/workspaces/eclip/src/components/chat/live-chat.tsx
  14:6  error  Parsing error: Unexpected token Message

/workspaces/eclip/src/components/client/ClientContext.tsx
  5:1  error  Parsing error: The keyword 'interface' is reserved

/workspaces/eclip/src/components/client/ClientLauncherDialog.tsx
  18:1  error  Parsing error: The keyword 'interface' is reserved

/workspaces/eclip/src/components/client/ClientLauncherWrapper.tsx
  10:5  error  Parsing error: Unexpected token <

/workspaces/eclip/src/components/client/WindowsClient.tsx
  45:1  error  Parsing error: The keyword 'interface' is reserved

/workspaces/eclip/src/components/client/WindowsClientWrapper.tsx
  10:5  error  Parsing error: Unexpected token <

/workspaces/eclip/src/components/counting-number.tsx
  5:1  error  Parsing error: The keyword 'interface' is reserved

/workspaces/eclip/src/components/icons/SteamIcon.tsx
  1:32  error  Parsing error: Unexpected token :

/workspaces/eclip/src/components/icons/logo.tsx
  8:2  error  Parsing error: Unexpected token :

/workspaces/eclip/src/components/layout/collapsible-header.tsx
  18:27  error  Parsing error: Unexpected token as

/workspaces/eclip/src/components/layout/header.tsx
  42:34  error  Parsing error: Unexpected token as

/workspaces/eclip/src/components/layout/hero-banner.tsx
  13:39  error  Parsing error: Unexpected token :

/workspaces/eclip/src/components/layout/sidebar.tsx
  69:9  error  Parsing error: Unexpected token <

/workspaces/eclip/src/components/particles.tsx
  6:58  error  Parsing error: Unexpected token ]

/workspaces/eclip/src/components/rank-display.tsx
  7:1  error  Parsing error: The keyword 'interface' is reserved

/workspaces/eclip/src/components/ui/accordion.tsx
  12:51  error  Parsing error: Unexpected token ,

/workspaces/eclip/src/components/ui/alert-dialog.tsx
  16:56  error  Parsing error: Unexpected token ,

/workspaces/eclip/src/components/ui/alert.tsx
  2:20  error  Parsing error: Unexpected token VariantProps

/workspaces/eclip/src/components/ui/avatar.tsx
  9:48  error  Parsing error: Unexpected token ,

/workspaces/eclip/src/components/ui/badge.tsx
  2:20  error  Parsing error: Unexpected token VariantProps

/workspaces/eclip/src/components/ui/button.tsx
  3:20  error  Parsing error: Unexpected token VariantProps

/workspaces/eclip/src/components/ui/calendar.tsx
  10:8  error  Parsing error: Unexpected token type

/workspaces/eclip/src/components/ui/card.tsx
  7:3  error  Parsing error: Identifier 'React' has already been declared

/workspaces/eclip/src/components/ui/carousel.tsx
  5:8  error  Parsing error: Unexpected token UseEmblaCarouselType

/workspaces/eclip/src/components/ui/chart.tsx
  9:45  error  Parsing error: Unexpected token as

/workspaces/eclip/src/components/ui/checkbox.tsx
  10:50  error  Parsing error: Unexpected token ,

/workspaces/eclip/src/components/ui/dialog.tsx
  18:51  error  Parsing error: Unexpected token ,

/workspaces/eclip/src/components/ui/dropdown-menu.tsx
  22:60  error  Parsing error: Unexpected token ,

/workspaces/eclip/src/components/ui/form.tsx
  10:8  error  Parsing error: Unexpected token ControllerProps

/workspaces/eclip/src/components/ui/hover-card.tsx
  11:54  error  Parsing error: Unexpected token ,

/workspaces/eclip/src/components/ui/input.tsx
  5:50  error  Parsing error: Identifier 'React' has already been declared

/workspaces/eclip/src/components/ui/label.tsx
  5:20  error  Parsing error: Unexpected token VariantProps

/workspaces/eclip/src/components/ui/menubar.tsx
  11:2  error  Parsing error: Unexpected token :

/workspaces/eclip/src/components/ui/popover.tsx
  13:52  error  Parsing error: Unexpected token ,

/workspaces/eclip/src/components/ui/progress.tsx
  9:50  error  Parsing error: Unexpected token ,

/workspaces/eclip/src/components/ui/radio-group.tsx
  10:52  error  Parsing error: Unexpected token ,

/workspaces/eclip/src/components/ui/scroll-area.tsx
  9:52  error  Parsing error: Unexpected token ,

/workspaces/eclip/src/components/ui/select.tsx
  16:51  error  Parsing error: Unexpected token ,

/workspaces/eclip/src/components/ui/separator.tsx
  9:51  error  Parsing error: Unexpected token ,

/workspaces/eclip/src/components/ui/sheet.tsx
  5:20  error  Parsing error: Unexpected token VariantProps

/workspaces/eclip/src/components/ui/sidebar.tsx
  29:6  error  Parsing error: Unexpected token SidebarContext

/workspaces/eclip/src/components/ui/skeleton.tsx
  6:2  error  Parsing error: Unexpected token :

/workspaces/eclip/src/components/ui/slider.tsx
  9:48  error  Parsing error: Unexpected token ,

/workspaces/eclip/src/components/ui/switch.tsx
  9:49  error  Parsing error: Unexpected token ,

/workspaces/eclip/src/components/ui/table.tsx
  7:3  error  Parsing error: Identifier 'React' has already been declared

/workspaces/eclip/src/components/ui/tabs.tsx
  11:46  error  Parsing error: Unexpected token ,

/workspaces/eclip/src/components/ui/textarea.tsx
  5:56  error  Parsing error: Identifier 'React' has already been declared

/workspaces/eclip/src/components/ui/toast.tsx
  5:20  error  Parsing error: Unexpected token VariantProps

/workspaces/eclip/src/components/ui/toaster.tsx
  17:5  error  Parsing error: Unexpected token <

/workspaces/eclip/src/components/ui/tooltip.tsx
  15:52  error  Parsing error: Unexpected token ,

/workspaces/eclip/src/components/user-avatar.tsx
  7:1  error  Parsing error: The keyword 'interface' is reserved

/workspaces/eclip/src/components/user-hover.tsx
  15:1  error  Parsing error: The keyword 'interface' is reserved

/workspaces/eclip/src/components/user-name.tsx
  3:6  error  Parsing error: Unexpected token Props

/workspaces/eclip/src/contexts/UserContext.tsx
  5:1  error  Parsing error: The keyword 'interface' is reserved

/workspaces/eclip/src/hooks/use-toast.ts
  6:13  error  Parsing error: Unexpected token {

/workspaces/eclip/src/lib/admin-colors.ts
  62:38  error  Parsing error: Unexpected token :

/workspaces/eclip/src/lib/api-registry.ts
  83:42  error  Parsing error: Unexpected token :

/workspaces/eclip/src/lib/auth.ts
  15:44  error  Parsing error: Unexpected token :

/workspaces/eclip/src/lib/avatar-frames.ts
  3:8  error  Parsing error: Unexpected token interface

/workspaces/eclip/src/lib/client-launcher.ts
  6:1  error  Parsing error: The keyword 'interface' is reserved

/workspaces/eclip/src/lib/config.ts
  5:34  error  Parsing error: Unexpected token !

/workspaces/eclip/src/lib/constants/requirement-types.ts
  24:3  error  Parsing error: Unexpected token as

/workspaces/eclip/src/lib/cosmetic-generator.ts
  7:8  error  Parsing error: Unexpected token interface

/workspaces/eclip/src/lib/cosmetics-data.ts
  6:8  error  Parsing error: Unexpected token interface

/workspaces/eclip/src/lib/email-templates.ts
  10:22  error  Parsing error: Unexpected token :

/workspaces/eclip/src/lib/email.ts
  10:25  error  Parsing error: Unexpected token :

/workspaces/eclip/src/lib/gcp/orchestrator.ts
  9:1  error  Parsing error: The keyword 'interface' is reserved

/workspaces/eclip/src/lib/placeholder-data.ts
  1:13  error  Parsing error: Unexpected token {

/workspaces/eclip/src/lib/placeholder-images.ts
  3:8  error  Parsing error: Unexpected token type

/workspaces/eclip/src/lib/profile-banners.ts
  3:8  error  Parsing error: Unexpected token interface

/workspaces/eclip/src/lib/rank-calculator.ts
  7:8  error  Parsing error: Unexpected token interface

/workspaces/eclip/src/lib/redis.ts
  4:16  error  Parsing error: Unexpected token :

/workspaces/eclip/src/lib/role-colors.ts
  6:25  error  Parsing error: Unexpected token :

/workspaces/eclip/src/lib/types.ts
  1:13  error  Parsing error: Unexpected token {

/workspaces/eclip/src/lib/utils.ts
  1:21  error  Parsing error: Unexpected token ClassValue

/workspaces/eclip/src/lib/verify-env.ts
  20:16  error  Parsing error: Unexpected token :

/workspaces/eclip/src/middleware.ts
  2:13  error  Parsing error: Unexpected token {

/workspaces/eclip/tailwind.config.ts
  1:13  error  Parsing error: Unexpected token {

/workspaces/eclip/verify-db.ts
  28:30  error  Parsing error: Unexpected token :

✖ 201 problems (201 errors, 0 warnings)

