[2025-12-10T10:36:19.562Z] ================================================================================
[2025-12-10T10:36:19.562Z] DATABASE VERIFICATION STARTED
[2025-12-10T10:36:19.562Z] ================================================================================
[2025-12-10T10:36:19.562Z] Timestamp: 2025-12-10T10:36:19.562Z
[2025-12-10T10:36:19.562Z] Working Directory: /workspaces/eclip
[2025-12-10T10:36:19.563Z] 
--- DATABASE CONNECTION ---
[2025-12-10T10:36:19.563Z] Attempting to connect to database...
[2025-12-10T10:38:38.846Z] ================================================================================
[2025-12-10T10:38:38.847Z] DATABASE VERIFICATION STARTED
[2025-12-10T10:38:38.847Z] ================================================================================
[2025-12-10T10:38:38.847Z] Timestamp: 2025-12-10T10:38:38.847Z
[2025-12-10T10:38:38.847Z] Working Directory: /workspaces/eclip
[2025-12-10T10:38:38.847Z] 
--- DATABASE CONNECTION ---
[2025-12-10T10:38:38.847Z] Attempting to connect to database...
[2025-12-10T10:40:34.547Z] ================================================================================
[2025-12-10T10:40:34.548Z] DATABASE VERIFICATION STARTED
[2025-12-10T10:40:34.548Z] ================================================================================
[2025-12-10T10:40:34.548Z] Timestamp: 2025-12-10T10:40:34.548Z
[2025-12-10T10:40:34.548Z] Working Directory: /workspaces/eclip
[2025-12-10T10:40:34.548Z] 
--- DATABASE CONNECTION ---
[2025-12-10T10:40:34.548Z] Attempting to connect to database...
